# JRE version: OpenJDK Runtime Environment (23.0.1+11) (build 23.0.1+11-39)
# Java VM: OpenJDK 64-Bit Server VM (23.0.1+11-39, mixed mode, sharing, tiered, compressed oops, compressed class ptrs, g1 gc, windows-amd64)
GC Precious Log:
 CardTable entry size: 512
 Card Set container configuration: InlinePtr #cards 5 size 8 Array Of Cards #cards 10 size 36 Howl #buckets 4 coarsen threshold 1843 Howl Bitmap #cards 512 size 80 coarsen threshold 460 Card regions per heap region 1 cards per card region 2048
 CPUs: 8 total, 8 available
 Memory: 7997M
 Large Page Support: Disabled
 NUMA Support: Disabled
 Compressed Oops: Enabled (32-bit)
 Heap Region Size: 1M
 Heap Min Capacity: 8M
 Heap Initial Capacity: 126M
 Heap Max Capacity: 2000M
 Pre-touch: Disabled
 Parallel Workers: 8
 Concurrent Workers: 2
 Concurrent Refinement Workers: 8
 Periodic GC: Disabled
Heap:
 garbage-first heap   total reserved 2048000K, committed 116736K, used 90428K [0x0000000083000000, 0x0000000100000000)
  region size 1024K, 30 young (30720K), 2 survivors (2048K)
 Metaspace       used 35808K, committed 36352K, reserved 1114112K
  class space    used 4057K, committed 4288K, reserved 1048576K
GC Heap History (20 events):
Event: 24.824 GC heap before
{Heap before GC invocations=7 (full 0):
 garbage-first heap   total reserved 2048000K, committed 90112K, used 67072K [0x0000000083000000, 0x0000000100000000)
  region size 1024K, 38 young (38912K), 7 survivors (7168K)
 Metaspace       used 28493K, committed 28928K, reserved 1114112K
  class space    used 3310K, committed 3456K, reserved 1048576K
}
Event: 24.842 GC heap after
{Heap after GC invocations=8 (full 0):
 garbage-first heap   total reserved 2048000K, committed 90112K, used 39424K [0x0000000083000000, 0x0000000100000000)
  region size 1024K, 3 young (3072K), 3 survivors (3072K)
 Metaspace       used 28493K, committed 28928K, reserved 1114112K
  class space    used 3310K, committed 3456K, reserved 1048576K
}
Event: 25.516 GC heap before
{Heap before GC invocations=8 (full 0):
 garbage-first heap   total reserved 2048000K, committed 90112K, used 71168K [0x0000000083000000, 0x0000000100000000)
  region size 1024K, 34 young (34816K), 3 survivors (3072K)
 Metaspace       used 29937K, committed 30464K, reserved 1114112K
  class space    used 3482K, committed 3712K, reserved 1048576K
}
Event: 25.524 GC heap after
{Heap after GC invocations=9 (full 0):
 garbage-first heap   total reserved 2048000K, committed 90112K, used 40148K [0x0000000083000000, 0x0000000100000000)
  region size 1024K, 4 young (4096K), 4 survivors (4096K)
 Metaspace       used 29937K, committed 30464K, reserved 1114112K
  class space    used 3482K, committed 3712K, reserved 1048576K
}
Event: 25.844 GC heap before
{Heap before GC invocations=9 (full 0):
 garbage-first heap   total reserved 2048000K, committed 90112K, used 73940K [0x0000000083000000, 0x0000000100000000)
  region size 1024K, 37 young (37888K), 4 survivors (4096K)
 Metaspace       used 30321K, committed 30912K, reserved 1114112K
  class space    used 3507K, committed 3776K, reserved 1048576K
}
Event: 25.855 GC heap after
{Heap after GC invocations=10 (full 0):
 garbage-first heap   total reserved 2048000K, committed 108544K, used 41148K [0x0000000083000000, 0x0000000100000000)
  region size 1024K, 2 young (2048K), 2 survivors (2048K)
 Metaspace       used 30321K, committed 30912K, reserved 1114112K
  class space    used 3507K, committed 3776K, reserved 1048576K
}
Event: 26.235 GC heap before
{Heap before GC invocations=10 (full 0):
 garbage-first heap   total reserved 2048000K, committed 108544K, used 88252K [0x0000000083000000, 0x0000000100000000)
  region size 1024K, 48 young (49152K), 2 survivors (2048K)
 Metaspace       used 30544K, committed 31104K, reserved 1114112K
  class space    used 3511K, committed 3776K, reserved 1048576K
}
Event: 26.241 GC heap after
{Heap after GC invocations=11 (full 0):
 garbage-first heap   total reserved 2048000K, committed 108544K, used 41829K [0x0000000083000000, 0x0000000100000000)
  region size 1024K, 3 young (3072K), 3 survivors (3072K)
 Metaspace       used 30544K, committed 31104K, reserved 1114112K
  class space    used 3511K, committed 3776K, reserved 1048576K
}
Event: 27.774 GC heap before
{Heap before GC invocations=11 (full 0):
 garbage-first heap   total reserved 2048000K, committed 108544K, used 90981K [0x0000000083000000, 0x0000000100000000)
  region size 1024K, 51 young (52224K), 3 survivors (3072K)
 Metaspace       used 32605K, committed 33152K, reserved 1114112K
  class space    used 3746K, committed 3968K, reserved 1048576K
}
Event: 27.787 GC heap after
{Heap after GC invocations=12 (full 0):
 garbage-first heap   total reserved 2048000K, committed 108544K, used 43088K [0x0000000083000000, 0x0000000100000000)
  region size 1024K, 4 young (4096K), 4 survivors (4096K)
 Metaspace       used 32605K, committed 33152K, reserved 1114112K
  class space    used 3746K, committed 3968K, reserved 1048576K
}
Event: 31.601 GC heap before
{Heap before GC invocations=12 (full 0):
 garbage-first heap   total reserved 2048000K, committed 108544K, used 98384K [0x0000000083000000, 0x0000000100000000)
  region size 1024K, 53 young (54272K), 4 survivors (4096K)
 Metaspace       used 32847K, committed 33408K, reserved 1114112K
  class space    used 3757K, committed 4032K, reserved 1048576K
}
Event: 31.626 GC heap after
{Heap after GC invocations=13 (full 0):
 garbage-first heap   total reserved 2048000K, committed 116736K, used 59872K [0x0000000083000000, 0x0000000100000000)
  region size 1024K, 7 young (7168K), 7 survivors (7168K)
 Metaspace       used 32847K, committed 33408K, reserved 1114112K
  class space    used 3757K, committed 4032K, reserved 1048576K
}
Event: 31.637 GC heap before
{Heap before GC invocations=13 (full 0):
 garbage-first heap   total reserved 2048000K, committed 116736K, used 60896K [0x0000000083000000, 0x0000000100000000)
  region size 1024K, 9 young (9216K), 7 survivors (7168K)
 Metaspace       used 32847K, committed 33408K, reserved 1114112K
  class space    used 3757K, committed 4032K, reserved 1048576K
}
Event: 31.650 GC heap after
{Heap after GC invocations=14 (full 0):
 garbage-first heap   total reserved 2048000K, committed 116736K, used 61440K [0x0000000083000000, 0x0000000100000000)
  region size 1024K, 1 young (1024K), 1 survivors (1024K)
 Metaspace       used 32847K, committed 33408K, reserved 1114112K
  class space    used 3757K, committed 4032K, reserved 1048576K
}
Event: 32.901 GC heap before
{Heap before GC invocations=15 (full 0):
 garbage-first heap   total reserved 2048000K, committed 116736K, used 96256K [0x0000000083000000, 0x0000000100000000)
  region size 1024K, 35 young (35840K), 1 survivors (1024K)
 Metaspace       used 33564K, committed 34176K, reserved 1114112K
  class space    used 3854K, committed 4096K, reserved 1048576K
}
Event: 32.912 GC heap after
{Heap after GC invocations=16 (full 0):
 garbage-first heap   total reserved 2048000K, committed 116736K, used 67584K [0x0000000083000000, 0x0000000100000000)
  region size 1024K, 5 young (5120K), 5 survivors (5120K)
 Metaspace       used 33564K, committed 34176K, reserved 1114112K
  class space    used 3854K, committed 4096K, reserved 1048576K
}
Event: 33.245 GC heap before
{Heap before GC invocations=16 (full 0):
 garbage-first heap   total reserved 2048000K, committed 116736K, used 100352K [0x0000000083000000, 0x0000000100000000)
  region size 1024K, 37 young (37888K), 5 survivors (5120K)
 Metaspace       used 34314K, committed 34944K, reserved 1114112K
  class space    used 3929K, committed 4224K, reserved 1048576K
}
Event: 33.256 GC heap after
{Heap after GC invocations=17 (full 0):
 garbage-first heap   total reserved 2048000K, committed 116736K, used 61547K [0x0000000083000000, 0x0000000100000000)
  region size 1024K, 1 young (1024K), 1 survivors (1024K)
 Metaspace       used 34314K, committed 34944K, reserved 1114112K
  class space    used 3929K, committed 4224K, reserved 1048576K
}
Event: 34.138 GC heap before
{Heap before GC invocations=17 (full 0):
 garbage-first heap   total reserved 2048000K, committed 116736K, used 97387K [0x0000000083000000, 0x0000000100000000)
  region size 1024K, 36 young (36864K), 1 survivors (1024K)
 Metaspace       used 34652K, committed 35264K, reserved 1114112K
  class space    used 3945K, committed 4224K, reserved 1048576K
}
Event: 34.144 GC heap after
{Heap after GC invocations=18 (full 0):
 garbage-first heap   total reserved 2048000K, committed 116736K, used 62780K [0x0000000083000000, 0x0000000100000000)
  region size 1024K, 2 young (2048K), 2 survivors (2048K)
 Metaspace       used 34652K, committed 35264K, reserved 1114112K
  class space    used 3945K, committed 4224K, reserved 1048576K
}

